[2023-08-21 17:11:51.091] [info]  [db] Initialized DB client
[2023-08-21 17:11:51.793] [warn]  The vm module of Node.js is deprecated in the renderer process and will be removed.
[2023-08-21 17:11:51.822] [warn]  The vm module of Node.js is deprecated in the renderer process and will be removed.
[2023-08-21 17:11:54.212] [warn]  The vm module of Node.js is deprecated in the renderer process and will be removed.
[2023-08-21 17:11:54.848] [info]  [FileSystemDriver] Initialized in "/home/andre/.config/Insomnia/version-control"
[2023-08-21 17:11:54.848] [info]  [sync] checking for collections which need to be moved into a remote project
[2023-08-21 17:11:54.850] [info]  [FileSystemDriver] Initialized in "/home/andre/.config/Insomnia/version-control"
[2023-08-21 17:12:00.760] [warn]  An aria-label or aria-labelledby prop is required for accessibility.
[2023-08-21 17:12:00.789] [warn]  An aria-label or aria-labelledby prop is required for accessibility.
[2023-08-21 17:12:00.821] [warn]  An aria-label or aria-labelledby prop is required for accessibility.
[2023-08-21 17:12:00.829] [warn]  An aria-label or aria-labelledby prop is required for accessibility.
[2023-08-21 17:12:06.140] [warn]  An aria-label or aria-labelledby prop is required for accessibility.
[2023-08-21 17:12:06.142] [warn]  An aria-label or aria-labelledby prop is required for accessibility.
[2023-08-21 17:12:06.155] [warn]  An aria-label or aria-labelledby prop is required for accessibility.
[2023-08-21 17:12:06.156] [warn]  An aria-label or aria-labelledby prop is required for accessibility.
[2023-08-21 17:12:09.056] [warn]  An aria-label or aria-labelledby prop is required for accessibility.
[2023-08-21 17:12:09.056] [warn]  An aria-label or aria-labelledby prop is required for accessibility.
[2023-08-21 17:12:09.142] [warn]  An aria-label or aria-labelledby prop is required for accessibility.
[2023-08-21 17:12:09.142] [warn]  An aria-label or aria-labelledby prop is required for accessibility.
[2023-08-21 17:12:11.852] [warn]  An aria-label or aria-labelledby prop is required for accessibility.
[2023-08-21 17:12:11.853] [warn]  An aria-label or aria-labelledby prop is required for accessibility.
[2023-08-21 17:12:12.091] [warn]  An aria-label or aria-labelledby prop is required for accessibility.
[2023-08-21 17:12:12.091] [warn]  An aria-label or aria-labelledby prop is required for accessibility.
[2023-08-21 17:12:12.205] [warn]  An aria-label or aria-labelledby prop is required for accessibility.
[2023-08-21 17:12:12.206] [warn]  An aria-label or aria-labelledby prop is required for accessibility.
[2023-08-21 17:12:12.347] [warn]  An aria-label or aria-labelledby prop is required for accessibility.
[2023-08-21 17:12:12.348] [warn]  An aria-label or aria-labelledby prop is required for accessibility.
[2023-08-21 17:12:12.391] [warn]  An aria-label or aria-labelledby prop is required for accessibility.
[2023-08-21 17:12:12.392] [warn]  An aria-label or aria-labelledby prop is required for accessibility.
[2023-08-21 17:12:24.971] [warn]  An aria-label or aria-labelledby prop is required for accessibility.
[2023-08-21 17:12:24.972] [warn]  An aria-label or aria-labelledby prop is required for accessibility.
[2023-08-21 17:12:24.982] [warn]  An aria-label or aria-labelledby prop is required for accessibility.
[2023-08-21 17:12:24.983] [warn]  An aria-label or aria-labelledby prop is required for accessibility.
[2023-08-21 17:12:26.889] [warn]  An aria-label or aria-labelledby prop is required for accessibility.
[2023-08-21 17:12:26.890] [warn]  An aria-label or aria-labelledby prop is required for accessibility.
[2023-08-21 17:12:26.902] [warn]  An aria-label or aria-labelledby prop is required for accessibility.
[2023-08-21 17:12:26.904] [warn]  An aria-label or aria-labelledby prop is required for accessibility.
[2023-08-21 17:12:29.106] [warn]  An aria-label or aria-labelledby prop is required for accessibility.
[2023-08-21 17:12:29.107] [warn]  An aria-label or aria-labelledby prop is required for accessibility.
[2023-08-21 17:12:29.118] [warn]  An aria-label or aria-labelledby prop is required for accessibility.
[2023-08-21 17:12:29.119] [warn]  An aria-label or aria-labelledby prop is required for accessibility.
[2023-08-21 17:12:34.592] [warn]  An aria-label or aria-labelledby prop is required for accessibility.
[2023-08-21 17:12:34.593] [warn]  An aria-label or aria-labelledby prop is required for accessibility.
[2023-08-21 17:12:34.627] [warn]  An aria-label or aria-labelledby prop is required for accessibility.
[2023-08-21 17:12:34.628] [warn]  An aria-label or aria-labelledby prop is required for accessibility.
[2023-08-21 17:13:16.897] [warn]  An aria-label or aria-labelledby prop is required for accessibility.
[2023-08-21 17:13:16.898] [warn]  An aria-label or aria-labelledby prop is required for accessibility.
[2023-08-21 17:13:16.954] [warn]  An aria-label or aria-labelledby prop is required for accessibility.
[2023-08-21 17:13:16.955] [warn]  An aria-label or aria-labelledby prop is required for accessibility.
[2023-08-21 17:13:19.454] [warn]  An aria-label or aria-labelledby prop is required for accessibility.
[2023-08-21 17:13:19.455] [warn]  An aria-label or aria-labelledby prop is required for accessibility.
[2023-08-21 17:13:19.466] [warn]  An aria-label or aria-labelledby prop is required for accessibility.
[2023-08-21 17:13:19.467] [warn]  An aria-label or aria-labelledby prop is required for accessibility.
[2023-08-21 17:13:20.391] [warn]  An aria-label or aria-labelledby prop is required for accessibility.
[2023-08-21 17:13:20.392] [warn]  An aria-label or aria-labelledby prop is required for accessibility.
[2023-08-21 17:13:22.051] [warn]  An aria-label or aria-labelledby prop is required for accessibility.
[2023-08-21 17:13:22.053] [warn]  An aria-label or aria-labelledby prop is required for accessibility.
[2023-08-21 17:13:22.101] [warn]  An aria-label or aria-labelledby prop is required for accessibility.
[2023-08-21 17:13:22.102] [warn]  An aria-label or aria-labelledby prop is required for accessibility.
[2023-08-21 17:13:23.365] [warn]  An aria-label or aria-labelledby prop is required for accessibility.
[2023-08-21 17:13:23.366] [warn]  An aria-label or aria-labelledby prop is required for accessibility.
[2023-08-21 17:13:23.376] [warn]  An aria-label or aria-labelledby prop is required for accessibility.
[2023-08-21 17:13:23.376] [warn]  An aria-label or aria-labelledby prop is required for accessibility.
[2023-08-21 17:13:23.562] [warn]  An aria-label or aria-labelledby prop is required for accessibility.
[2023-08-21 17:13:23.564] [warn]  An aria-label or aria-labelledby prop is required for accessibility.
[2023-08-21 17:13:23.572] [warn]  An aria-label or aria-labelledby prop is required for accessibility.
[2023-08-21 17:13:23.573] [warn]  An aria-label or aria-labelledby prop is required for accessibility.
[2023-08-21 17:13:26.592] [warn]  An aria-label or aria-labelledby prop is required for accessibility.
[2023-08-21 17:13:26.593] [warn]  An aria-label or aria-labelledby prop is required for accessibility.
[2023-08-21 17:13:26.609] [warn]  An aria-label or aria-labelledby prop is required for accessibility.
[2023-08-21 17:13:26.610] [warn]  An aria-label or aria-labelledby prop is required for accessibility.
[2023-08-21 17:13:29.316] [warn]  An aria-label or aria-labelledby prop is required for accessibility.
[2023-08-21 17:13:29.478] [warn]  An aria-label or aria-labelledby prop is required for accessibility.
[2023-08-21 17:13:29.479] [warn]  An aria-label or aria-labelledby prop is required for accessibility.
[2023-08-21 17:13:29.487] [warn]  An aria-label or aria-labelledby prop is required for accessibility.
[2023-08-21 17:13:29.488] [warn]  An aria-label or aria-labelledby prop is required for accessibility.
[2023-08-21 17:13:31.388] [warn]  An aria-label or aria-labelledby prop is required for accessibility.
[2023-08-21 17:13:31.389] [warn]  An aria-label or aria-labelledby prop is required for accessibility.
[2023-08-21 17:13:31.402] [warn]  An aria-label or aria-labelledby prop is required for accessibility.
[2023-08-21 17:13:31.403] [warn]  An aria-label or aria-labelledby prop is required for accessibility.
[2023-08-21 17:13:35.630] [warn]  An aria-label or aria-labelledby prop is required for accessibility.
[2023-08-21 17:13:35.631] [warn]  An aria-label or aria-labelledby prop is required for accessibility.
[2023-08-21 17:13:35.638] [warn]  An aria-label or aria-labelledby prop is required for accessibility.
[2023-08-21 17:13:35.639] [warn]  An aria-label or aria-labelledby prop is required for accessibility.
[2023-08-21 17:13:35.653] [warn]  An aria-label or aria-labelledby prop is required for accessibility.
[2023-08-21 17:13:35.654] [warn]  An aria-label or aria-labelledby prop is required for accessibility.
[2023-08-21 17:13:38.907] [warn]  An aria-label or aria-labelledby prop is required for accessibility.
[2023-08-21 17:13:38.907] [warn]  An aria-label or aria-labelledby prop is required for accessibility.
[2023-08-21 17:13:38.918] [warn]  An aria-label or aria-labelledby prop is required for accessibility.
[2023-08-21 17:13:38.919] [warn]  An aria-label or aria-labelledby prop is required for accessibility.
[2023-08-21 17:13:39.346] [warn]  An aria-label or aria-labelledby prop is required for accessibility.
[2023-08-21 17:13:39.347] [warn]  An aria-label or aria-labelledby prop is required for accessibility.
[2023-08-21 17:13:39.358] [warn]  An aria-label or aria-labelledby prop is required for accessibility.
[2023-08-21 17:13:39.359] [warn]  An aria-label or aria-labelledby prop is required for accessibility.
[2023-08-21 17:13:40.693] [warn]  An aria-label or aria-labelledby prop is required for accessibility.
[2023-08-21 17:13:40.773] [warn]  An aria-label or aria-labelledby prop is required for accessibility.
[2023-08-21 17:13:42.303] [warn]  An aria-label or aria-labelledby prop is required for accessibility.
[2023-08-21 17:13:45.134] [warn]  An aria-label or aria-labelledby prop is required for accessibility.
[2023-08-21 17:13:45.135] [warn]  An aria-label or aria-labelledby prop is required for accessibility.
[2023-08-21 17:13:45.149] [warn]  An aria-label or aria-labelledby prop is required for accessibility.
[2023-08-21 17:13:45.150] [warn]  An aria-label or aria-labelledby prop is required for accessibility.
[2023-08-21 17:13:47.435] [warn]  An aria-label or aria-labelledby prop is required for accessibility.
[2023-08-21 17:13:49.092] [warn]  An aria-label or aria-labelledby prop is required for accessibility.
[2023-08-21 17:13:50.798] [warn]  An aria-label or aria-labelledby prop is required for accessibility.
[2023-08-21 17:13:50.799] [warn]  An aria-label or aria-labelledby prop is required for accessibility.
[2023-08-21 17:13:50.847] [warn]  An aria-label or aria-labelledby prop is required for accessibility.
[2023-08-21 17:13:50.847] [warn]  An aria-label or aria-labelledby prop is required for accessibility.
[2023-08-21 17:13:54.497] [warn]  An aria-label or aria-labelledby prop is required for accessibility.
[2023-08-21 17:13:54.498] [warn]  An aria-label or aria-labelledby prop is required for accessibility.
[2023-08-21 17:13:54.591] [warn]  An aria-label or aria-labelledby prop is required for accessibility.
[2023-08-21 17:13:54.592] [warn]  An aria-label or aria-labelledby prop is required for accessibility.
[2023-08-21 17:13:54.617] [warn]  An aria-label or aria-labelledby prop is required for accessibility.
[2023-08-21 17:13:54.618] [warn]  An aria-label or aria-labelledby prop is required for accessibility.
[2023-08-21 17:14:00.822] [warn]  <Item> with non-plain text contents is unsupported by type to select for accessibility. Please add a `textValue` prop.
[2023-08-21 17:14:00.822] [warn]  <Item> with non-plain text contents is unsupported by type to select for accessibility. Please add a `textValue` prop.
[2023-08-21 17:14:04.620] [warn]  <Item> with non-plain text contents is unsupported by type to select for accessibility. Please add a `textValue` prop.
[2023-08-21 17:14:04.620] [warn]  <Item> with non-plain text contents is unsupported by type to select for accessibility. Please add a `textValue` prop.
[2023-08-21 17:14:52.726] [warn]  <Item> with non-plain text contents is unsupported by type to select for accessibility. Please add a `textValue` prop.
[2023-08-21 17:14:52.726] [warn]  <Item> with non-plain text contents is unsupported by type to select for accessibility. Please add a `textValue` prop.
[2023-08-21 17:14:52.726] [warn]  <Item> with non-plain text contents is unsupported by type to select for accessibility. Please add a `textValue` prop.
[2023-08-21 17:14:52.726] [warn]  <Item> with non-plain text contents is unsupported by type to select for accessibility. Please add a `textValue` prop.
[2023-08-21 17:14:52.726] [warn]  <Item> with non-plain text contents is unsupported by type to select for accessibility. Please add a `textValue` prop.
[2023-08-21 17:14:52.726] [warn]  <Item> with non-plain text contents is unsupported by type to select for accessibility. Please add a `textValue` prop.
[2023-08-21 17:14:52.726] [warn]  <Item> with non-plain text contents is unsupported by type to select for accessibility. Please add a `textValue` prop.
[2023-08-21 17:14:52.726] [warn]  <Item> with non-plain text contents is unsupported by type to select for accessibility. Please add a `textValue` prop.
[2023-08-21 17:17:27.395] [info]  [network] Sending req=req_bbd8539097214be2ad331af05e146659 env=null
[2023-08-21 17:17:27.479] [info]  [network] Response succeeded req=req_bbd8539097214be2ad331af05e146659 status=404
[2023-08-21 17:17:39.060] [info]  [network] Sending req=req_bbd8539097214be2ad331af05e146659 env=null
[2023-08-21 17:17:39.119] [info]  [network] Response succeeded req=req_bbd8539097214be2ad331af05e146659 status=400
[2023-08-21 17:18:42.522] [info]  [network] Sending req=req_bbd8539097214be2ad331af05e146659 env=null
[2023-08-21 17:18:42.745] [info]  [network] Response succeeded req=req_bbd8539097214be2ad331af05e146659 status=500
[2023-08-21 17:22:32.829] [info]  [network] Sending req=req_bbd8539097214be2ad331af05e146659 env=null
[2023-08-21 17:22:33.127] [info]  [network] Response succeeded req=req_bbd8539097214be2ad331af05e146659 status=200
[2023-08-21 17:23:21.992] [warn]  <Item> with non-plain text contents is unsupported by type to select for accessibility. Please add a `textValue` prop.
[2023-08-21 17:23:21.992] [warn]  <Item> with non-plain text contents is unsupported by type to select for accessibility. Please add a `textValue` prop.
[2023-08-21 17:23:21.992] [warn]  <Item> with non-plain text contents is unsupported by type to select for accessibility. Please add a `textValue` prop.
[2023-08-21 17:23:21.992] [warn]  <Item> with non-plain text contents is unsupported by type to select for accessibility. Please add a `textValue` prop.
[2023-08-21 17:23:21.992] [warn]  <Item> with non-plain text contents is unsupported by type to select for accessibility. Please add a `textValue` prop.
[2023-08-21 17:23:21.992] [warn]  <Item> with non-plain text contents is unsupported by type to select for accessibility. Please add a `textValue` prop.
[2023-08-21 17:23:21.992] [warn]  <Item> with non-plain text contents is unsupported by type to select for accessibility. Please add a `textValue` prop.
[2023-08-21 17:23:21.993] [warn]  <Item> with non-plain text contents is unsupported by type to select for accessibility. Please add a `textValue` prop.
[2023-08-21 17:23:29.327] [error] Error: No importers found for file
    at Tye (file:///opt/Insomnia/resources/app.asar/index.b54b93aa.js:80:43920)
    at async file:///opt/Insomnia/resources/app.asar/debug.221c8214.js:34:6649
    at async file:///opt/Insomnia/resources/app.asar/debug.221c8214.js:34:7020
[2023-08-21 17:23:32.990] [info]  [network] Sending req=req_ebcf35b222504e4188d2ee18dc3a1011 env=null
[2023-08-21 17:23:33.126] [info]  [network] Response succeeded req=req_ebcf35b222504e4188d2ee18dc3a1011 status=200
[2023-08-21 17:24:28.724] [warn]  <Item> with non-plain text contents is unsupported by type to select for accessibility. Please add a `textValue` prop.
[2023-08-21 17:24:28.724] [warn]  <Item> with non-plain text contents is unsupported by type to select for accessibility. Please add a `textValue` prop.
[2023-08-21 17:24:28.724] [warn]  <Item> with non-plain text contents is unsupported by type to select for accessibility. Please add a `textValue` prop.
[2023-08-21 17:24:28.724] [warn]  <Item> with non-plain text contents is unsupported by type to select for accessibility. Please add a `textValue` prop.
[2023-08-21 17:24:28.724] [warn]  <Item> with non-plain text contents is unsupported by type to select for accessibility. Please add a `textValue` prop.
[2023-08-21 17:24:28.725] [warn]  <Item> with non-plain text contents is unsupported by type to select for accessibility. Please add a `textValue` prop.
[2023-08-21 17:24:28.725] [warn]  <Item> with non-plain text contents is unsupported by type to select for accessibility. Please add a `textValue` prop.
[2023-08-21 17:24:28.725] [warn]  <Item> with non-plain text contents is unsupported by type to select for accessibility. Please add a `textValue` prop.
[2023-08-21 17:31:11.680] [info]  [network] Sending req=req_85b11fc24bc14d0d8c05c02964877230 env=null
[2023-08-21 17:31:11.761] [info]  [network] Response succeeded req=req_85b11fc24bc14d0d8c05c02964877230 status=404
[2023-08-21 17:31:25.588] [info]  [network] Sending req=req_85b11fc24bc14d0d8c05c02964877230 env=null
[2023-08-21 17:31:25.686] [info]  [network] Response succeeded req=req_85b11fc24bc14d0d8c05c02964877230 status=400
[2023-08-21 17:31:34.900] [info]  [network] Sending req=req_85b11fc24bc14d0d8c05c02964877230 env=null
[2023-08-21 17:31:35.003] [info]  [network] Response succeeded req=req_85b11fc24bc14d0d8c05c02964877230 status=400
[2023-08-21 17:32:03.268] [info]  [network] Sending req=req_85b11fc24bc14d0d8c05c02964877230 env=null
[2023-08-21 17:32:03.339] [info]  [network] Response succeeded req=req_85b11fc24bc14d0d8c05c02964877230 status=400
[2023-08-21 17:32:11.546] [info]  [network] Sending req=req_85b11fc24bc14d0d8c05c02964877230 env=null
[2023-08-21 17:32:11.609] [info]  [network] Response succeeded req=req_85b11fc24bc14d0d8c05c02964877230 status=400
[2023-08-21 17:34:30.304] [info]  [network] Sending req=req_85b11fc24bc14d0d8c05c02964877230 env=null
[2023-08-21 17:34:30.408] [info]  [network] Response succeeded req=req_85b11fc24bc14d0d8c05c02964877230 status=200
[2023-08-21 17:37:01.603] [info]  [network] Sending req=req_2a982cc9e3a64a8da191d07c00c70668 env=null
[2023-08-21 17:37:01.675] [info]  [network] Response succeeded req=req_2a982cc9e3a64a8da191d07c00c70668 status=200
[2023-08-21 17:38:19.373] [info]  [network] Sending req=req_a68af3f57a374c63bf344c306687d2ab env=null
[2023-08-21 17:38:19.432] [info]  [network] Response succeeded req=req_a68af3f57a374c63bf344c306687d2ab status=404
[2023-08-21 17:38:30.779] [warn]  <Item> with non-plain text contents is unsupported by type to select for accessibility. Please add a `textValue` prop.
[2023-08-21 17:38:30.780] [warn]  <Item> with non-plain text contents is unsupported by type to select for accessibility. Please add a `textValue` prop.
[2023-08-21 17:38:30.780] [warn]  <Item> with non-plain text contents is unsupported by type to select for accessibility. Please add a `textValue` prop.
[2023-08-21 17:38:30.780] [warn]  <Item> with non-plain text contents is unsupported by type to select for accessibility. Please add a `textValue` prop.
[2023-08-21 17:38:30.780] [warn]  <Item> with non-plain text contents is unsupported by type to select for accessibility. Please add a `textValue` prop.
[2023-08-21 17:38:30.780] [warn]  <Item> with non-plain text contents is unsupported by type to select for accessibility. Please add a `textValue` prop.
[2023-08-21 17:38:30.780] [warn]  <Item> with non-plain text contents is unsupported by type to select for accessibility. Please add a `textValue` prop.
[2023-08-21 17:38:30.780] [warn]  <Item> with non-plain text contents is unsupported by type to select for accessibility. Please add a `textValue` prop.
[2023-08-21 17:38:35.053] [info]  [network] Sending req=req_a68af3f57a374c63bf344c306687d2ab env=null
[2023-08-21 17:38:35.139] [info]  [network] Response succeeded req=req_a68af3f57a374c63bf344c306687d2ab status=200
[2023-08-21 17:38:52.977] [info]  [network] Sending req=req_2a982cc9e3a64a8da191d07c00c70668 env=null
[2023-08-21 17:38:53.039] [info]  [network] Response succeeded req=req_2a982cc9e3a64a8da191d07c00c70668 status=200
[2023-08-21 17:40:45.119] [info]  [network] Sending req=req_a68af3f57a374c63bf344c306687d2ab env=null
[2023-08-21 17:40:45.184] [info]  [network] Response succeeded req=req_a68af3f57a374c63bf344c306687d2ab status=400
[2023-08-21 17:44:49.621] [warn]  An aria-label or aria-labelledby prop is required for accessibility.
[2023-08-21 17:44:49.622] [warn]  An aria-label or aria-labelledby prop is required for accessibility.
[2023-08-21 17:44:49.718] [warn]  An aria-label or aria-labelledby prop is required for accessibility.
[2023-08-21 17:44:49.720] [warn]  An aria-label or aria-labelledby prop is required for accessibility.
[2023-08-21 17:44:52.331] [warn]  An aria-label or aria-labelledby prop is required for accessibility.
[2023-08-21 17:44:52.332] [warn]  An aria-label or aria-labelledby prop is required for accessibility.
[2023-08-21 17:45:01.851] [warn]  <Item> with non-plain text contents is unsupported by type to select for accessibility. Please add a `textValue` prop.
[2023-08-21 17:45:01.851] [warn]  <Item> with non-plain text contents is unsupported by type to select for accessibility. Please add a `textValue` prop.
[2023-08-21 17:45:10.604] [warn]  <Item> with non-plain text contents is unsupported by type to select for accessibility. Please add a `textValue` prop.
[2023-08-21 17:45:10.604] [warn]  <Item> with non-plain text contents is unsupported by type to select for accessibility. Please add a `textValue` prop.
[2023-08-21 17:45:10.605] [warn]  <Item> with non-plain text contents is unsupported by type to select for accessibility. Please add a `textValue` prop.
